running egg_info
creating build/warmup_project/warmup_project.egg-info
writing build/warmup_project/warmup_project.egg-info/PKG-INFO
writing dependency_links to build/warmup_project/warmup_project.egg-info/dependency_links.txt
writing entry points to build/warmup_project/warmup_project.egg-info/entry_points.txt
writing requirements to build/warmup_project/warmup_project.egg-info/requires.txt
writing top-level names to build/warmup_project/warmup_project.egg-info/top_level.txt
writing manifest file 'build/warmup_project/warmup_project.egg-info/SOURCES.txt'
reading manifest file 'build/warmup_project/warmup_project.egg-info/SOURCES.txt'
adding license file 'LICENSE'
writing manifest file 'build/warmup_project/warmup_project.egg-info/SOURCES.txt'
running build
running build_py
creating /home/deep13/ros2_ws/src/comprobo24_warmup_project/build/warmup_project/build
creating /home/deep13/ros2_ws/src/comprobo24_warmup_project/build/warmup_project/build/lib
creating /home/deep13/ros2_ws/src/comprobo24_warmup_project/build/warmup_project/build/lib/warmup_project
copying warmup_project/__init__.py -> /home/deep13/ros2_ws/src/comprobo24_warmup_project/build/warmup_project/build/lib/warmup_project
copying warmup_project/marker_sample.py -> /home/deep13/ros2_ws/src/comprobo24_warmup_project/build/warmup_project/build/lib/warmup_project
copying warmup_project/hello_world.py -> /home/deep13/ros2_ws/src/comprobo24_warmup_project/build/warmup_project/build/lib/warmup_project
running install
running install_lib
creating /home/deep13/ros2_ws/src/comprobo24_warmup_project/install/warmup_project/lib/python3.10/site-packages/warmup_project
copying /home/deep13/ros2_ws/src/comprobo24_warmup_project/build/warmup_project/build/lib/warmup_project/__init__.py -> /home/deep13/ros2_ws/src/comprobo24_warmup_project/install/warmup_project/lib/python3.10/site-packages/warmup_project
copying /home/deep13/ros2_ws/src/comprobo24_warmup_project/build/warmup_project/build/lib/warmup_project/marker_sample.py -> /home/deep13/ros2_ws/src/comprobo24_warmup_project/install/warmup_project/lib/python3.10/site-packages/warmup_project
copying /home/deep13/ros2_ws/src/comprobo24_warmup_project/build/warmup_project/build/lib/warmup_project/hello_world.py -> /home/deep13/ros2_ws/src/comprobo24_warmup_project/install/warmup_project/lib/python3.10/site-packages/warmup_project
byte-compiling /home/deep13/ros2_ws/src/comprobo24_warmup_project/install/warmup_project/lib/python3.10/site-packages/warmup_project/__init__.py to __init__.cpython-310.pyc
byte-compiling /home/deep13/ros2_ws/src/comprobo24_warmup_project/install/warmup_project/lib/python3.10/site-packages/warmup_project/marker_sample.py to marker_sample.cpython-310.pyc
byte-compiling /home/deep13/ros2_ws/src/comprobo24_warmup_project/install/warmup_project/lib/python3.10/site-packages/warmup_project/hello_world.py to hello_world.cpython-310.pyc
running install_data
creating /home/deep13/ros2_ws/src/comprobo24_warmup_project/install/warmup_project/share/ament_index
creating /home/deep13/ros2_ws/src/comprobo24_warmup_project/install/warmup_project/share/ament_index/resource_index
creating /home/deep13/ros2_ws/src/comprobo24_warmup_project/install/warmup_project/share/ament_index/resource_index/packages
copying resource/warmup_project -> /home/deep13/ros2_ws/src/comprobo24_warmup_project/install/warmup_project/share/ament_index/resource_index/packages
copying package.xml -> /home/deep13/ros2_ws/src/comprobo24_warmup_project/install/warmup_project/share/warmup_project
running install_egg_info
Copying build/warmup_project/warmup_project.egg-info to /home/deep13/ros2_ws/src/comprobo24_warmup_project/install/warmup_project/lib/python3.10/site-packages/warmup_project-0.0.0-py3.10.egg-info
running install_scripts
Installing hello_world script to /home/deep13/ros2_ws/src/comprobo24_warmup_project/install/warmup_project/lib/warmup_project
writing list of installed files to '/home/deep13/ros2_ws/src/comprobo24_warmup_project/build/warmup_project/install.log'
