running egg_info
writing build/warmup_project/warmup_project.egg-info/PKG-INFO
writing dependency_links to build/warmup_project/warmup_project.egg-info/dependency_links.txt
writing entry points to build/warmup_project/warmup_project.egg-info/entry_points.txt
writing requirements to build/warmup_project/warmup_project.egg-info/requires.txt
writing top-level names to build/warmup_project/warmup_project.egg-info/top_level.txt
reading manifest file 'build/warmup_project/warmup_project.egg-info/SOURCES.txt'
adding license file 'LICENSE'
writing manifest file 'build/warmup_project/warmup_project.egg-info/SOURCES.txt'
running build
running build_py
running install
running install_lib
running install_data
running install_egg_info
removing '/home/deep13/ros2_ws/src/comprobo24_warmup_project/install/warmup_project/lib/python3.10/site-packages/warmup_project-0.0.0-py3.10.egg-info' (and everything under it)
Copying build/warmup_project/warmup_project.egg-info to /home/deep13/ros2_ws/src/comprobo24_warmup_project/install/warmup_project/lib/python3.10/site-packages/warmup_project-0.0.0-py3.10.egg-info
running install_scripts
Installing drive_square script to /home/deep13/ros2_ws/src/comprobo24_warmup_project/install/warmup_project/lib/warmup_project
Installing hello_world script to /home/deep13/ros2_ws/src/comprobo24_warmup_project/install/warmup_project/lib/warmup_project
Installing marker_sample script to /home/deep13/ros2_ws/src/comprobo24_warmup_project/install/warmup_project/lib/warmup_project
Installing teleop script to /home/deep13/ros2_ws/src/comprobo24_warmup_project/install/warmup_project/lib/warmup_project
Installing wall_follower script to /home/deep13/ros2_ws/src/comprobo24_warmup_project/install/warmup_project/lib/warmup_project
writing list of installed files to '/home/deep13/ros2_ws/src/comprobo24_warmup_project/build/warmup_project/install.log'
