[0.667s] Invoking command in '/home/deep13/ros2_ws/src/comprobo24_warmup_project': PYTHONPATH=/home/deep13/ros2_ws/src/comprobo24_warmup_project/build/warmup_project/prefix_override:/usr/lib/python3/dist-packages/colcon_core/task/python/colcon_distutils_commands:/home/deep13/ros2_ws/src/comprobo24_warmup_project/install/warmup_project/lib/python3.10/site-packages:${PYTHONPATH} /usr/bin/python3 -W ignore:setup.py install is deprecated setup.py egg_info --egg-base build/warmup_project build --build-base /home/deep13/ros2_ws/src/comprobo24_warmup_project/build/warmup_project/build install --record /home/deep13/ros2_ws/src/comprobo24_warmup_project/build/warmup_project/install.log --single-version-externally-managed install_data
[0.923s] running egg_info
[0.924s] writing build/warmup_project/warmup_project.egg-info/PKG-INFO
[0.924s] writing dependency_links to build/warmup_project/warmup_project.egg-info/dependency_links.txt
[0.924s] writing entry points to build/warmup_project/warmup_project.egg-info/entry_points.txt
[0.924s] writing requirements to build/warmup_project/warmup_project.egg-info/requires.txt
[0.924s] writing top-level names to build/warmup_project/warmup_project.egg-info/top_level.txt
[0.928s] reading manifest file 'build/warmup_project/warmup_project.egg-info/SOURCES.txt'
[0.928s] adding license file 'LICENSE'
[0.929s] writing manifest file 'build/warmup_project/warmup_project.egg-info/SOURCES.txt'
[0.929s] running build
[0.929s] running build_py
[0.929s] copying warmup_project/drive_square.py -> /home/deep13/ros2_ws/src/comprobo24_warmup_project/build/warmup_project/build/lib/warmup_project
[0.929s] running install
[0.930s] running install_lib
[0.930s] copying /home/deep13/ros2_ws/src/comprobo24_warmup_project/build/warmup_project/build/lib/warmup_project/drive_square.py -> /home/deep13/ros2_ws/src/comprobo24_warmup_project/install/warmup_project/lib/python3.10/site-packages/warmup_project
[0.931s] byte-compiling /home/deep13/ros2_ws/src/comprobo24_warmup_project/install/warmup_project/lib/python3.10/site-packages/warmup_project/drive_square.py to drive_square.cpython-310.pyc
[0.931s] running install_data
[0.931s] running install_egg_info
[0.933s] removing '/home/deep13/ros2_ws/src/comprobo24_warmup_project/install/warmup_project/lib/python3.10/site-packages/warmup_project-0.0.0-py3.10.egg-info' (and everything under it)
[0.933s] Copying build/warmup_project/warmup_project.egg-info to /home/deep13/ros2_ws/src/comprobo24_warmup_project/install/warmup_project/lib/python3.10/site-packages/warmup_project-0.0.0-py3.10.egg-info
[0.934s] running install_scripts
[0.953s] Installing drive_square script to /home/deep13/ros2_ws/src/comprobo24_warmup_project/install/warmup_project/lib/warmup_project
[0.953s] Installing hello_world script to /home/deep13/ros2_ws/src/comprobo24_warmup_project/install/warmup_project/lib/warmup_project
[0.953s] Installing marker_sample script to /home/deep13/ros2_ws/src/comprobo24_warmup_project/install/warmup_project/lib/warmup_project
[0.953s] Installing teleop script to /home/deep13/ros2_ws/src/comprobo24_warmup_project/install/warmup_project/lib/warmup_project
[0.953s] writing list of installed files to '/home/deep13/ros2_ws/src/comprobo24_warmup_project/build/warmup_project/install.log'
[0.972s] Invoked command in '/home/deep13/ros2_ws/src/comprobo24_warmup_project' returned '0': PYTHONPATH=/home/deep13/ros2_ws/src/comprobo24_warmup_project/build/warmup_project/prefix_override:/usr/lib/python3/dist-packages/colcon_core/task/python/colcon_distutils_commands:/home/deep13/ros2_ws/src/comprobo24_warmup_project/install/warmup_project/lib/python3.10/site-packages:${PYTHONPATH} /usr/bin/python3 -W ignore:setup.py install is deprecated setup.py egg_info --egg-base build/warmup_project build --build-base /home/deep13/ros2_ws/src/comprobo24_warmup_project/build/warmup_project/build install --record /home/deep13/ros2_ws/src/comprobo24_warmup_project/build/warmup_project/install.log --single-version-externally-managed install_data
