[0.178s] DEBUG:colcon:Command line arguments: ['/usr/bin/colcon', 'build']
[0.178s] DEBUG:colcon:Parsed command line arguments: Namespace(log_base=None, log_level=None, verb_name='build', build_base='build', install_base='install', merge_install=False, symlink_install=False, test_result_base=None, continue_on_error=False, executor='parallel', parallel_workers=12, event_handlers=None, ignore_user_meta=False, metas=['./colcon.meta'], base_paths=['.'], packages_ignore=None, packages_ignore_regex=None, paths=None, packages_up_to=None, packages_up_to_regex=None, packages_above=None, packages_above_and_dependencies=None, packages_above_depth=None, packages_select_by_dep=None, packages_skip_by_dep=None, packages_skip_up_to=None, packages_select_build_failed=False, packages_skip_build_finished=False, packages_select_test_failures=False, packages_skip_test_passed=False, packages_select=None, packages_skip=None, packages_select_regex=None, packages_skip_regex=None, packages_start=None, packages_end=None, allow_overriding=[], cmake_args=None, cmake_target=None, cmake_target_skip_unavailable=False, cmake_clean_cache=False, cmake_clean_first=False, cmake_force_configure=False, ament_cmake_args=None, catkin_cmake_args=None, catkin_skip_building_tests=False, mixin_files=None, mixin=None, verb_parser=<colcon_mixin.mixin.mixin_argument.MixinArgumentDecorator object at 0x7f18eab6ffa0>, verb_extension=<colcon_core.verb.build.BuildVerb object at 0x7f18ead38eb0>, main=<bound method BuildVerb.main of <colcon_core.verb.build.BuildVerb object at 0x7f18ead38eb0>>, mixin_verb=('build',))
[0.378s] Level 1:colcon.colcon_core.package_discovery:discover_packages(colcon_meta) check parameters
[0.378s] Level 1:colcon.colcon_core.package_discovery:discover_packages(recursive) check parameters
[0.378s] Level 1:colcon.colcon_core.package_discovery:discover_packages(ignore) check parameters
[0.378s] Level 1:colcon.colcon_core.package_discovery:discover_packages(path) check parameters
[0.378s] Level 1:colcon.colcon_core.package_discovery:discover_packages(colcon_meta) discover
[0.378s] Level 1:colcon.colcon_core.package_discovery:discover_packages(recursive) discover
[0.378s] INFO:colcon.colcon_core.package_discovery:Crawling recursively for packages in '/home/deep13/ros2_ws/src/comprobo24_warmup_project'
[0.378s] Level 1:colcon.colcon_core.package_identification:_identify(.) by extensions ['ignore', 'ignore_ament_install']
[0.378s] Level 1:colcon.colcon_core.package_identification:_identify(.) by extension 'ignore'
[0.379s] Level 1:colcon.colcon_core.package_identification:_identify(.) by extension 'ignore_ament_install'
[0.379s] Level 1:colcon.colcon_core.package_identification:_identify(.) by extensions ['colcon_pkg']
[0.379s] Level 1:colcon.colcon_core.package_identification:_identify(.) by extension 'colcon_pkg'
[0.379s] Level 1:colcon.colcon_core.package_identification:_identify(.) by extensions ['colcon_meta']
[0.379s] Level 1:colcon.colcon_core.package_identification:_identify(.) by extension 'colcon_meta'
[0.379s] Level 1:colcon.colcon_core.package_identification:_identify(.) by extensions ['ros']
[0.379s] Level 1:colcon.colcon_core.package_identification:_identify(.) by extension 'ros'
[0.396s] DEBUG:colcon.colcon_core.package_identification:Package '.' with type 'ros.ament_python' and name 'warmup_project'
[0.396s] Level 1:colcon.colcon_core.package_discovery:discover_packages(recursive) using defaults
[0.396s] Level 1:colcon.colcon_core.package_discovery:discover_packages(ignore) discover
[0.396s] Level 1:colcon.colcon_core.package_discovery:discover_packages(ignore) using defaults
[0.396s] Level 1:colcon.colcon_core.package_discovery:discover_packages(path) discover
[0.396s] Level 1:colcon.colcon_core.package_discovery:discover_packages(path) using defaults
[0.427s] Level 1:colcon.colcon_core.package_discovery:discover_packages(prefix_path) check parameters
[0.427s] Level 1:colcon.colcon_core.package_discovery:discover_packages(prefix_path) discover
[0.430s] DEBUG:colcon.colcon_installed_package_information.package_discovery:Found 1 installed packages in /home/deep13/ros2_ws/src/comprobo24_warmup_project/install
[0.431s] DEBUG:colcon.colcon_installed_package_information.package_discovery:Found 6 installed packages in /home/deep13/ros2_ws/install
[0.432s] DEBUG:colcon.colcon_installed_package_information.package_discovery:Found 348 installed packages in /opt/ros/humble
[0.435s] DEBUG:colcon.colcon_installed_package_information.package_discovery:Found 161 installed packages in /opt/ros/foxy
[0.440s] Level 1:colcon.colcon_core.package_discovery:discover_packages(prefix_path) using defaults
[0.502s] Level 5:colcon.colcon_core.verb:set package 'warmup_project' build argument 'cmake_args' from command line to 'None'
[0.502s] Level 5:colcon.colcon_core.verb:set package 'warmup_project' build argument 'cmake_target' from command line to 'None'
[0.502s] Level 5:colcon.colcon_core.verb:set package 'warmup_project' build argument 'cmake_target_skip_unavailable' from command line to 'False'
[0.502s] Level 5:colcon.colcon_core.verb:set package 'warmup_project' build argument 'cmake_clean_cache' from command line to 'False'
[0.502s] Level 5:colcon.colcon_core.verb:set package 'warmup_project' build argument 'cmake_clean_first' from command line to 'False'
[0.502s] Level 5:colcon.colcon_core.verb:set package 'warmup_project' build argument 'cmake_force_configure' from command line to 'False'
[0.502s] Level 5:colcon.colcon_core.verb:set package 'warmup_project' build argument 'ament_cmake_args' from command line to 'None'
[0.502s] Level 5:colcon.colcon_core.verb:set package 'warmup_project' build argument 'catkin_cmake_args' from command line to 'None'
[0.502s] Level 5:colcon.colcon_core.verb:set package 'warmup_project' build argument 'catkin_skip_building_tests' from command line to 'False'
[0.502s] DEBUG:colcon.colcon_core.verb:Building package 'warmup_project' with the following arguments: {'ament_cmake_args': None, 'build_base': '/home/deep13/ros2_ws/src/comprobo24_warmup_project/build/warmup_project', 'catkin_cmake_args': None, 'catkin_skip_building_tests': False, 'cmake_args': None, 'cmake_clean_cache': False, 'cmake_clean_first': False, 'cmake_force_configure': False, 'cmake_target': None, 'cmake_target_skip_unavailable': False, 'install_base': '/home/deep13/ros2_ws/src/comprobo24_warmup_project/install/warmup_project', 'merge_install': False, 'path': '/home/deep13/ros2_ws/src/comprobo24_warmup_project', 'symlink_install': False, 'test_result_base': None}
[0.503s] INFO:colcon.colcon_core.executor:Executing jobs using 'parallel' executor
[0.504s] DEBUG:colcon.colcon_parallel_executor.executor.parallel:run_until_complete
[0.504s] INFO:colcon.colcon_ros.task.ament_python.build:Building ROS package in '/home/deep13/ros2_ws/src/comprobo24_warmup_project' with build type 'ament_python'
[0.504s] Level 1:colcon.colcon_core.shell:create_environment_hook('warmup_project', 'ament_prefix_path')
[0.509s] INFO:colcon.colcon_core.plugin_system:Skipping extension 'colcon_core.shell.bat': Not used on non-Windows systems
[0.509s] INFO:colcon.colcon_core.shell:Creating environment hook '/home/deep13/ros2_ws/src/comprobo24_warmup_project/install/warmup_project/share/warmup_project/hook/ament_prefix_path.ps1'
[0.509s] INFO:colcon.colcon_core.shell:Creating environment descriptor '/home/deep13/ros2_ws/src/comprobo24_warmup_project/install/warmup_project/share/warmup_project/hook/ament_prefix_path.dsv'
[0.510s] INFO:colcon.colcon_core.shell:Creating environment hook '/home/deep13/ros2_ws/src/comprobo24_warmup_project/install/warmup_project/share/warmup_project/hook/ament_prefix_path.sh'
[0.511s] INFO:colcon.colcon_core.shell:Skip shell extension 'powershell' for command environment: Not usable outside of PowerShell
[0.511s] DEBUG:colcon.colcon_core.shell:Skip shell extension 'dsv' for command environment
[0.826s] INFO:colcon.colcon_core.task.python.build:Building Python package in '/home/deep13/ros2_ws/src/comprobo24_warmup_project'
[0.827s] INFO:colcon.colcon_core.shell:Skip shell extension 'powershell' for command environment: Not usable outside of PowerShell
[0.827s] DEBUG:colcon.colcon_core.shell:Skip shell extension 'dsv' for command environment
[1.229s] DEBUG:colcon.colcon_core.event_handler.log_command:Invoking command in '/home/deep13/ros2_ws/src/comprobo24_warmup_project': PYTHONPATH=/home/deep13/ros2_ws/src/comprobo24_warmup_project/build/warmup_project/prefix_override:/usr/lib/python3/dist-packages/colcon_core/task/python/colcon_distutils_commands:/home/deep13/ros2_ws/src/comprobo24_warmup_project/install/warmup_project/lib/python3.10/site-packages:${PYTHONPATH} /usr/bin/python3 -W ignore:setup.py install is deprecated setup.py egg_info --egg-base build/warmup_project build --build-base /home/deep13/ros2_ws/src/comprobo24_warmup_project/build/warmup_project/build install --record /home/deep13/ros2_ws/src/comprobo24_warmup_project/build/warmup_project/install.log --single-version-externally-managed install_data
[1.554s] DEBUG:colcon.colcon_core.event_handler.log_command:Invoked command in '/home/deep13/ros2_ws/src/comprobo24_warmup_project' returned '0': PYTHONPATH=/home/deep13/ros2_ws/src/comprobo24_warmup_project/build/warmup_project/prefix_override:/usr/lib/python3/dist-packages/colcon_core/task/python/colcon_distutils_commands:/home/deep13/ros2_ws/src/comprobo24_warmup_project/install/warmup_project/lib/python3.10/site-packages:${PYTHONPATH} /usr/bin/python3 -W ignore:setup.py install is deprecated setup.py egg_info --egg-base build/warmup_project build --build-base /home/deep13/ros2_ws/src/comprobo24_warmup_project/build/warmup_project/build install --record /home/deep13/ros2_ws/src/comprobo24_warmup_project/build/warmup_project/install.log --single-version-externally-managed install_data
[1.558s] Level 1:colcon.colcon_core.environment:checking '/home/deep13/ros2_ws/src/comprobo24_warmup_project/install/warmup_project' for CMake module files
[1.559s] Level 1:colcon.colcon_core.environment:checking '/home/deep13/ros2_ws/src/comprobo24_warmup_project/install/warmup_project' for CMake config files
[1.559s] Level 1:colcon.colcon_core.environment:checking '/home/deep13/ros2_ws/src/comprobo24_warmup_project/install/warmup_project/lib'
[1.560s] Level 1:colcon.colcon_core.environment:checking '/home/deep13/ros2_ws/src/comprobo24_warmup_project/install/warmup_project/bin'
[1.560s] Level 1:colcon.colcon_core.environment:checking '/home/deep13/ros2_ws/src/comprobo24_warmup_project/install/warmup_project/lib/pkgconfig/warmup_project.pc'
[1.560s] Level 1:colcon.colcon_core.environment:checking '/home/deep13/ros2_ws/src/comprobo24_warmup_project/install/warmup_project/lib/python3.10/site-packages'
[1.560s] Level 1:colcon.colcon_core.shell:create_environment_hook('warmup_project', 'pythonpath')
[1.560s] INFO:colcon.colcon_core.shell:Creating environment hook '/home/deep13/ros2_ws/src/comprobo24_warmup_project/install/warmup_project/share/warmup_project/hook/pythonpath.ps1'
[1.561s] INFO:colcon.colcon_core.shell:Creating environment descriptor '/home/deep13/ros2_ws/src/comprobo24_warmup_project/install/warmup_project/share/warmup_project/hook/pythonpath.dsv'
[1.561s] INFO:colcon.colcon_core.shell:Creating environment hook '/home/deep13/ros2_ws/src/comprobo24_warmup_project/install/warmup_project/share/warmup_project/hook/pythonpath.sh'
[1.561s] Level 1:colcon.colcon_core.environment:checking '/home/deep13/ros2_ws/src/comprobo24_warmup_project/install/warmup_project/bin'
[1.562s] Level 1:colcon.colcon_core.environment:create_environment_scripts_only(warmup_project)
[1.562s] INFO:colcon.colcon_core.shell:Creating package script '/home/deep13/ros2_ws/src/comprobo24_warmup_project/install/warmup_project/share/warmup_project/package.ps1'
[1.563s] INFO:colcon.colcon_core.shell:Creating package descriptor '/home/deep13/ros2_ws/src/comprobo24_warmup_project/install/warmup_project/share/warmup_project/package.dsv'
[1.563s] INFO:colcon.colcon_core.shell:Creating package script '/home/deep13/ros2_ws/src/comprobo24_warmup_project/install/warmup_project/share/warmup_project/package.sh'
[1.564s] INFO:colcon.colcon_core.shell:Creating package script '/home/deep13/ros2_ws/src/comprobo24_warmup_project/install/warmup_project/share/warmup_project/package.bash'
[1.565s] INFO:colcon.colcon_core.shell:Creating package script '/home/deep13/ros2_ws/src/comprobo24_warmup_project/install/warmup_project/share/warmup_project/package.zsh'
[1.565s] Level 1:colcon.colcon_core.environment:create_file_with_runtime_dependencies(/home/deep13/ros2_ws/src/comprobo24_warmup_project/install/warmup_project/share/colcon-core/packages/warmup_project)
[1.565s] DEBUG:colcon.colcon_parallel_executor.executor.parallel:closing loop
[1.566s] DEBUG:colcon.colcon_parallel_executor.executor.parallel:loop closed
[1.566s] DEBUG:colcon.colcon_parallel_executor.executor.parallel:run_until_complete finished with '0'
[1.566s] DEBUG:colcon.colcon_core.event_reactor:joining thread
[1.574s] INFO:colcon.colcon_core.plugin_system:Skipping extension 'colcon_notification.desktop_notification.terminal_notifier': Not used on non-Darwin systems
[1.574s] INFO:colcon.colcon_core.plugin_system:Skipping extension 'colcon_notification.desktop_notification.win32': Not used on non-Windows systems
[1.574s] INFO:colcon.colcon_notification.desktop_notification:Sending desktop notification using 'notify2'
[1.587s] DEBUG:colcon.colcon_core.event_reactor:joined thread
[1.588s] INFO:colcon.colcon_core.shell:Creating prefix script '/home/deep13/ros2_ws/src/comprobo24_warmup_project/install/local_setup.ps1'
[1.589s] INFO:colcon.colcon_core.shell:Creating prefix util module '/home/deep13/ros2_ws/src/comprobo24_warmup_project/install/_local_setup_util_ps1.py'
[1.591s] INFO:colcon.colcon_core.shell:Creating prefix chain script '/home/deep13/ros2_ws/src/comprobo24_warmup_project/install/setup.ps1'
[1.593s] INFO:colcon.colcon_core.shell:Creating prefix script '/home/deep13/ros2_ws/src/comprobo24_warmup_project/install/local_setup.sh'
[1.593s] INFO:colcon.colcon_core.shell:Creating prefix util module '/home/deep13/ros2_ws/src/comprobo24_warmup_project/install/_local_setup_util_sh.py'
[1.594s] INFO:colcon.colcon_core.shell:Creating prefix chain script '/home/deep13/ros2_ws/src/comprobo24_warmup_project/install/setup.sh'
[1.595s] INFO:colcon.colcon_core.shell:Creating prefix script '/home/deep13/ros2_ws/src/comprobo24_warmup_project/install/local_setup.bash'
[1.595s] INFO:colcon.colcon_core.shell:Creating prefix chain script '/home/deep13/ros2_ws/src/comprobo24_warmup_project/install/setup.bash'
[1.597s] INFO:colcon.colcon_core.shell:Creating prefix script '/home/deep13/ros2_ws/src/comprobo24_warmup_project/install/local_setup.zsh'
[1.597s] INFO:colcon.colcon_core.shell:Creating prefix chain script '/home/deep13/ros2_ws/src/comprobo24_warmup_project/install/setup.zsh'
