[0.707s] Invoking command in '/home/deep13/ros2_ws/src/comprobo24_warmup_project': PYTHONPATH=/home/deep13/ros2_ws/src/comprobo24_warmup_project/build/warmup_project/prefix_override:/usr/lib/python3/dist-packages/colcon_core/task/python/colcon_distutils_commands:/home/deep13/ros2_ws/src/comprobo24_warmup_project/install/warmup_project/lib/python3.10/site-packages:${PYTHONPATH} /usr/bin/python3 -W ignore:setup.py install is deprecated setup.py egg_info --egg-base build/warmup_project build --build-base /home/deep13/ros2_ws/src/comprobo24_warmup_project/build/warmup_project/build install --record /home/deep13/ros2_ws/src/comprobo24_warmup_project/build/warmup_project/install.log --single-version-externally-managed install_data
[0.982s] running egg_info
[0.983s] writing build/warmup_project/warmup_project.egg-info/PKG-INFO
[0.983s] writing dependency_links to build/warmup_project/warmup_project.egg-info/dependency_links.txt
[0.983s] writing entry points to build/warmup_project/warmup_project.egg-info/entry_points.txt
[0.984s] writing requirements to build/warmup_project/warmup_project.egg-info/requires.txt
[0.984s] writing top-level names to build/warmup_project/warmup_project.egg-info/top_level.txt
[0.988s] reading manifest file 'build/warmup_project/warmup_project.egg-info/SOURCES.txt'
[0.988s] adding license file 'LICENSE'
[0.989s] writing manifest file 'build/warmup_project/warmup_project.egg-info/SOURCES.txt'
[0.990s] running build
[0.990s] running build_py
[0.990s] copying warmup_project/finite_state_controller.py -> /home/deep13/ros2_ws/src/comprobo24_warmup_project/build/warmup_project/build/lib/warmup_project
[0.991s] running install
[0.991s] running install_lib
[0.992s] copying /home/deep13/ros2_ws/src/comprobo24_warmup_project/build/warmup_project/build/lib/warmup_project/finite_state_controller.py -> /home/deep13/ros2_ws/src/comprobo24_warmup_project/install/warmup_project/lib/python3.10/site-packages/warmup_project
[0.993s] byte-compiling /home/deep13/ros2_ws/src/comprobo24_warmup_project/install/warmup_project/lib/python3.10/site-packages/warmup_project/finite_state_controller.py to finite_state_controller.cpython-310.pyc
[0.994s] running install_data
[0.994s] running install_egg_info
[0.996s] removing '/home/deep13/ros2_ws/src/comprobo24_warmup_project/install/warmup_project/lib/python3.10/site-packages/warmup_project-0.0.0-py3.10.egg-info' (and everything under it)
[0.996s] Copying build/warmup_project/warmup_project.egg-info to /home/deep13/ros2_ws/src/comprobo24_warmup_project/install/warmup_project/lib/python3.10/site-packages/warmup_project-0.0.0-py3.10.egg-info
[0.997s] running install_scripts
[1.018s] Installing drive_square script to /home/deep13/ros2_ws/src/comprobo24_warmup_project/install/warmup_project/lib/warmup_project
[1.018s] Installing finite_state_controller script to /home/deep13/ros2_ws/src/comprobo24_warmup_project/install/warmup_project/lib/warmup_project
[1.018s] Installing hello_world script to /home/deep13/ros2_ws/src/comprobo24_warmup_project/install/warmup_project/lib/warmup_project
[1.019s] Installing marker_sample script to /home/deep13/ros2_ws/src/comprobo24_warmup_project/install/warmup_project/lib/warmup_project
[1.019s] Installing obstacle_avoider script to /home/deep13/ros2_ws/src/comprobo24_warmup_project/install/warmup_project/lib/warmup_project
[1.019s] Installing person_follower script to /home/deep13/ros2_ws/src/comprobo24_warmup_project/install/warmup_project/lib/warmup_project
[1.019s] Installing teleop script to /home/deep13/ros2_ws/src/comprobo24_warmup_project/install/warmup_project/lib/warmup_project
[1.019s] Installing wall_follower script to /home/deep13/ros2_ws/src/comprobo24_warmup_project/install/warmup_project/lib/warmup_project
[1.020s] writing list of installed files to '/home/deep13/ros2_ws/src/comprobo24_warmup_project/build/warmup_project/install.log'
[1.044s] Invoked command in '/home/deep13/ros2_ws/src/comprobo24_warmup_project' returned '0': PYTHONPATH=/home/deep13/ros2_ws/src/comprobo24_warmup_project/build/warmup_project/prefix_override:/usr/lib/python3/dist-packages/colcon_core/task/python/colcon_distutils_commands:/home/deep13/ros2_ws/src/comprobo24_warmup_project/install/warmup_project/lib/python3.10/site-packages:${PYTHONPATH} /usr/bin/python3 -W ignore:setup.py install is deprecated setup.py egg_info --egg-base build/warmup_project build --build-base /home/deep13/ros2_ws/src/comprobo24_warmup_project/build/warmup_project/build install --record /home/deep13/ros2_ws/src/comprobo24_warmup_project/build/warmup_project/install.log --single-version-externally-managed install_data
