/home/deep13/ros2_ws/src/comprobo24_warmup_project/install/warmup_project/lib/python3.10/site-packages/warmup_project/__init__.py
/home/deep13/ros2_ws/src/comprobo24_warmup_project/install/warmup_project/lib/python3.10/site-packages/warmup_project/teleop.py
/home/deep13/ros2_ws/src/comprobo24_warmup_project/install/warmup_project/lib/python3.10/site-packages/warmup_project/marker_sample.py
/home/deep13/ros2_ws/src/comprobo24_warmup_project/install/warmup_project/lib/python3.10/site-packages/warmup_project/hello_world.py
/home/deep13/ros2_ws/src/comprobo24_warmup_project/install/warmup_project/lib/python3.10/site-packages/warmup_project/__pycache__/__init__.cpython-310.pyc
/home/deep13/ros2_ws/src/comprobo24_warmup_project/install/warmup_project/lib/python3.10/site-packages/warmup_project/__pycache__/teleop.cpython-310.pyc
/home/deep13/ros2_ws/src/comprobo24_warmup_project/install/warmup_project/lib/python3.10/site-packages/warmup_project/__pycache__/marker_sample.cpython-310.pyc
/home/deep13/ros2_ws/src/comprobo24_warmup_project/install/warmup_project/lib/python3.10/site-packages/warmup_project/__pycache__/hello_world.cpython-310.pyc
/home/deep13/ros2_ws/src/comprobo24_warmup_project/install/warmup_project/share/ament_index/resource_index/packages/warmup_project
/home/deep13/ros2_ws/src/comprobo24_warmup_project/install/warmup_project/share/warmup_project/package.xml
/home/deep13/ros2_ws/src/comprobo24_warmup_project/install/warmup_project/lib/python3.10/site-packages/warmup_project-0.0.0-py3.10.egg-info/PKG-INFO
/home/deep13/ros2_ws/src/comprobo24_warmup_project/install/warmup_project/lib/python3.10/site-packages/warmup_project-0.0.0-py3.10.egg-info/entry_points.txt
/home/deep13/ros2_ws/src/comprobo24_warmup_project/install/warmup_project/lib/python3.10/site-packages/warmup_project-0.0.0-py3.10.egg-info/zip-safe
/home/deep13/ros2_ws/src/comprobo24_warmup_project/install/warmup_project/lib/python3.10/site-packages/warmup_project-0.0.0-py3.10.egg-info/SOURCES.txt
/home/deep13/ros2_ws/src/comprobo24_warmup_project/install/warmup_project/lib/python3.10/site-packages/warmup_project-0.0.0-py3.10.egg-info/top_level.txt
/home/deep13/ros2_ws/src/comprobo24_warmup_project/install/warmup_project/lib/python3.10/site-packages/warmup_project-0.0.0-py3.10.egg-info/requires.txt
/home/deep13/ros2_ws/src/comprobo24_warmup_project/install/warmup_project/lib/python3.10/site-packages/warmup_project-0.0.0-py3.10.egg-info/dependency_links.txt
/home/deep13/ros2_ws/src/comprobo24_warmup_project/install/warmup_project/lib/warmup_project/hello_world
/home/deep13/ros2_ws/src/comprobo24_warmup_project/install/warmup_project/lib/warmup_project/marker_sample
/home/deep13/ros2_ws/src/comprobo24_warmup_project/install/warmup_project/lib/warmup_project/receive_message
/home/deep13/ros2_ws/src/comprobo24_warmup_project/install/warmup_project/lib/warmup_project/teleop
